[INFO] 2026-03-12 23:46:25,027 pos.notifications [NOTIFICATION] tenant=3 outlet=3 type=low_stock message=Cheese low stock
[INFO] 2026-03-13 08:28:38,706 pos.notifications [NOTIFICATION] tenant=3 outlet=3 type=order_ready message=Order ready for T6
[INFO] 2026-03-13 15:58:36,102 pos.notifications [NOTIFICATION] tenant=3 outlet=3 type=order_ready message=Order ready for Takeaway
[INFO] 2026-03-13 15:58:36,630 pos.notifications [NOTIFICATION] tenant=3 outlet=3 type=order_ready message=Order ready for Takeaway
[INFO] 2026-03-13 15:58:39,207 pos.notifications [NOTIFICATION] tenant=3 outlet=3 type=order_ready message=Order ready for Takeaway
[INFO] 2026-03-13 15:58:40,249 pos.notifications [NOTIFICATION] tenant=3 outlet=3 type=order_ready message=Order ready for Takeaway
[INFO] 2026-03-13 15:58:48,271 pos.notifications [NOTIFICATION] tenant=3 outlet=3 type=order_ready message=Order ready for Takeaway
[INFO] 2026-03-13 15:58:49,277 pos.notifications [NOTIFICATION] tenant=3 outlet=3 type=order_ready message=Order ready for Takeaway
[INFO] 2026-03-13 15:59:06,241 pos.notifications [NOTIFICATION] tenant=3 outlet=3 type=order_ready message=Order ready for Takeaway
[INFO] 2026-03-13 15:59:20,667 pos.notifications [NOTIFICATION] tenant=3 outlet=3 type=order_ready message=Order ready for Takeaway
[INFO] 2026-03-13 15:59:28,838 pos.notifications [NOTIFICATION] tenant=3 outlet=3 type=order_ready message=Order ready for Takeaway
[INFO] 2026-03-13 15:59:37,732 pos.notifications [NOTIFICATION] tenant=3 outlet=3 type=order_ready message=Order ready for Takeaway
[INFO] 2026-03-13 15:59:40,901 pos.notifications [NOTIFICATION] tenant=3 outlet=3 type=order_ready message=Order ready for Takeaway
[INFO] 2026-03-13 15:59:43,775 pos.notifications [NOTIFICATION] tenant=3 outlet=3 type=order_ready message=Order ready for Takeaway
[INFO] 2026-03-13 15:59:46,776 pos.notifications [NOTIFICATION] tenant=3 outlet=3 type=order_ready message=Order ready for Takeaway
[INFO] 2026-03-13 15:59:49,714 pos.notifications [NOTIFICATION] tenant=3 outlet=3 type=order_ready message=Order ready for Takeaway
[INFO] 2026-03-13 16:00:21,958 pos.notifications [NOTIFICATION] tenant=3 outlet=3 type=order_ready message=Order ready for Takeaway
[INFO] 2026-03-13 16:01:02,036 pos.notifications [NOTIFICATION] tenant=3 outlet=3 type=order_ready message=Order ready for T3
[INFO] 2026-03-13 16:01:44,784 pos.notifications [NOTIFICATION] tenant=3 outlet=3 type=order_ready message=Order ready for table3
[INFO] 2026-03-13 16:01:45,725 pos.notifications [NOTIFICATION] tenant=3 outlet=3 type=order_ready message=Order ready for table3
[INFO] 2026-03-13 16:01:46,399 pos.notifications [NOTIFICATION] tenant=3 outlet=3 type=order_ready message=Order ready for table3
[INFO] 2026-03-13 16:01:47,225 pos.notifications [NOTIFICATION] tenant=3 outlet=3 type=order_ready message=Order ready for table3
[INFO] 2026-03-13 16:01:48,237 pos.notifications [NOTIFICATION] tenant=3 outlet=3 type=order_ready message=Order ready for table3
[INFO] 2026-03-13 16:41:38,978 pos.notifications [NOTIFICATION] tenant=3 outlet=3 type=order_ready message=Order ready for T2
[INFO] 2026-03-13 16:41:40,028 pos.notifications [NOTIFICATION] tenant=3 outlet=3 type=order_ready message=Order ready for T2
[INFO] 2026-03-13 17:15:34,980 pos.notifications [NOTIFICATION] tenant=3 outlet=3 type=order_ready message=Order ready for T2
[INFO] 2026-03-13 17:16:01,076 pos.notifications [NOTIFICATION] tenant=3 outlet=3 type=order_ready message=Order ready for T2
[INFO] 2026-03-13 17:17:25,123 pos.notifications [NOTIFICATION] tenant=3 outlet=3 type=order_ready message=Order ready for T2
[INFO] 2026-03-13 19:18:18,823 pos.notifications [NOTIFICATION] tenant=3 outlet=3 type=order_ready message=Order ready for T2
[INFO] 2026-03-13 19:18:20,792 pos.notifications [NOTIFICATION] tenant=3 outlet=3 type=order_ready message=Order ready for T2
[INFO] 2026-03-13 19:18:59,271 pos.notifications [NOTIFICATION] tenant=3 outlet=3 type=order_ready message=Order ready for T2
[INFO] 2026-03-13 19:20:40,691 pos.notifications [NOTIFICATION] tenant=3 outlet=3 type=order_ready message=Order ready for T2
[INFO] 2026-03-14 12:19:54,260 pos.notifications [NOTIFICATION] tenant=3 outlet=3 type=order_ready message=Order ready for T11
[INFO] 2026-03-14 12:19:56,305 pos.notifications [NOTIFICATION] tenant=3 outlet=3 type=order_ready message=Order ready for T11
[INFO] 2026-03-14 12:21:39,192 pos.notifications [NOTIFICATION] tenant=3 outlet=3 type=order_ready message=Order ready for T1
[INFO] 2026-03-14 12:21:41,746 pos.notifications [NOTIFICATION] tenant=3 outlet=3 type=order_ready message=Order ready for T1
[INFO] 2026-03-14 12:22:13,884 pos.notifications [NOTIFICATION] tenant=3 outlet=3 type=order_ready message=Order ready for T1
[INFO] 2026-03-14 13:26:33,675 pos.notifications [NOTIFICATION] tenant=3 outlet=3 type=order_ready message=Order ready for T1
[INFO] 2026-03-14 13:26:34,396 pos.notifications [NOTIFICATION] tenant=3 outlet=3 type=order_ready message=Order ready for T1
[INFO] 2026-03-14 13:27:15,992 pos.notifications [NOTIFICATION] tenant=3 outlet=3 type=order_ready message=Order ready for T1
[INFO] 2026-03-14 16:51:03,945 pos.notifications [NOTIFICATION] tenant=3 outlet=3 type=order_ready message=Order ready for T1
[INFO] 2026-03-14 16:51:04,839 pos.notifications [NOTIFICATION] tenant=3 outlet=3 type=order_ready message=Order ready for T1
[INFO] 2026-03-14 19:30:51,927 pos.notifications [NOTIFICATION] tenant=3 outlet=3 type=order_ready message=Order ready for T6
[INFO] 2026-03-14 19:30:53,139 pos.notifications [NOTIFICATION] tenant=3 outlet=3 type=order_ready message=Order ready for T6
[INFO] 2026-03-14 19:31:33,450 pos.notifications [NOTIFICATION] tenant=3 outlet=3 type=order_ready message=Order ready for T6
[INFO] 2026-03-17 00:34:40,044 pos.notifications [NOTIFICATION] tenant=3 outlet=2 type=order_ready message=Order ready for Table 1
[INFO] 2026-03-17 00:34:40,957 pos.notifications [NOTIFICATION] tenant=3 outlet=2 type=order_ready message=Order ready for Table 1
[INFO] 2026-03-17 00:35:46,751 pos.notifications [NOTIFICATION] tenant=3 outlet=2 type=order_ready message=Order ready for Table 3
[INFO] 2026-03-17 00:35:50,179 pos.notifications [NOTIFICATION] tenant=3 outlet=2 type=order_ready message=Order ready for Table 3
[INFO] 2026-03-17 00:36:10,515 pos.notifications [NOTIFICATION] tenant=3 outlet=2 type=order_ready message=Order ready for Table 5
[INFO] 2026-03-17 01:02:14,615 pos.notifications [NOTIFICATION] tenant=3 outlet=2 type=order_ready message=Order ready for Table 7
[INFO] 2026-03-17 11:24:08,023 pos.notifications [NOTIFICATION] tenant=3 outlet=2 type=order_ready message=Order ready for Table 7
[INFO] 2026-03-17 16:55:50,927 pos.notifications [NOTIFICATION] tenant=3 outlet=2 type=order_ready message=Order ready for Table 2
[INFO] 2026-03-17 16:55:53,116 pos.notifications [NOTIFICATION] tenant=3 outlet=2 type=order_ready message=Order ready for Table 10
[INFO] 2026-03-17 16:55:53,449 pos.notifications [NOTIFICATION] tenant=3 outlet=2 type=order_ready message=Order ready for Table 10
[INFO] 2026-03-17 19:43:38,220 pos.notifications [NOTIFICATION] tenant=3 outlet=2 type=order_ready message=Order ready for Table 10
[INFO] 2026-03-17 19:44:01,060 pos.notifications [NOTIFICATION] tenant=3 outlet=2 type=order_ready message=Order ready for Table 1
[INFO] 2026-03-18 10:40:33,679 pos.notifications [NOTIFICATION] tenant=3 outlet=2 type=order_ready message=Order ready for Table 6
[INFO] 2026-03-18 10:49:57,805 pos.notifications [NOTIFICATION] tenant=3 outlet=2 type=order_ready message=Order ready for Table 8
[INFO] 2026-03-18 10:49:58,379 pos.notifications [NOTIFICATION] tenant=3 outlet=2 type=order_ready message=Order ready for Table 8
[INFO] 2026-03-18 14:34:03,676 pos.notifications [NOTIFICATION] tenant=3 outlet=2 type=order_ready message=Order ready for Table 2
[INFO] 2026-03-18 14:34:05,198 pos.notifications [NOTIFICATION] tenant=3 outlet=2 type=order_ready message=Order ready for Table 2
[INFO] 2026-03-18 14:34:05,912 pos.notifications [NOTIFICATION] tenant=3 outlet=2 type=order_ready message=Order ready for Table 2
[INFO] 2026-03-18 15:02:51,626 pos.notifications [NOTIFICATION] tenant=3 outlet=2 type=order_ready message=Order ready for Table 2
[INFO] 2026-03-18 15:05:14,437 pos.notifications [NOTIFICATION] tenant=3 outlet=2 type=order_ready message=Order ready for Table 6
[INFO] 2026-03-18 16:39:01,171 pos.notifications [NOTIFICATION] tenant=3 outlet=2 type=order_ready message=Order ready for Table 2
[INFO] 2026-03-18 16:39:02,842 pos.notifications [NOTIFICATION] tenant=3 outlet=2 type=order_ready message=Order ready for Table 2
[INFO] 2026-03-18 17:26:12,663 pos.notifications [NOTIFICATION] tenant=3 outlet=2 type=order_ready message=Order ready for Table 2
[INFO] 2026-03-18 17:26:13,039 pos.notifications [NOTIFICATION] tenant=3 outlet=2 type=order_ready message=Order ready for Table 2
[INFO] 2026-03-18 19:48:02,823 pos.notifications [NOTIFICATION] tenant=3 outlet=2 type=order_ready message=Order ready for Table 2
[INFO] 2026-03-18 22:27:21,477 pos.notifications [NOTIFICATION] tenant=3 outlet=2 type=order_ready message=Order ready for Table 3
[INFO] 2026-03-18 22:27:22,023 pos.notifications [NOTIFICATION] tenant=3 outlet=2 type=order_ready message=Order ready for Table 3
[INFO] 2026-03-18 22:45:38,532 pos.notifications [NOTIFICATION] tenant=3 outlet=2 type=order_ready message=Order ready for Table 2
[INFO] 2026-03-18 23:21:13,001 pos.notifications [NOTIFICATION] tenant=3 outlet=2 type=order_ready message=Order ready for Table 1
[INFO] 2026-03-18 23:21:14,048 pos.notifications [NOTIFICATION] tenant=3 outlet=2 type=order_ready message=Order ready for Table 1
[INFO] 2026-03-18 23:22:20,872 pos.notifications [NOTIFICATION] tenant=3 outlet=2 type=order_ready message=Order ready for Table 2
[INFO] 2026-03-18 23:22:21,235 pos.notifications [NOTIFICATION] tenant=3 outlet=2 type=order_ready message=Order ready for Table 2
[INFO] 2026-03-18 23:22:21,675 pos.notifications [NOTIFICATION] tenant=3 outlet=2 type=order_ready message=Order ready for Table 2
[INFO] 2026-03-18 23:22:22,183 pos.notifications [NOTIFICATION] tenant=3 outlet=2 type=order_ready message=Order ready for Table 2
[INFO] 2026-03-18 23:23:56,485 pos.notifications [NOTIFICATION] tenant=3 outlet=2 type=order_ready message=Order ready for Table 2
[INFO] 2026-03-18 23:24:39,657 pos.notifications [NOTIFICATION] tenant=3 outlet=2 type=order_ready message=Order ready for Table 3
[INFO] 2026-03-18 23:25:12,002 pos.notifications [NOTIFICATION] tenant=3 outlet=2 type=order_ready message=Order ready for Table 2
[INFO] 2026-03-19 08:24:43,641 pos.notifications [NOTIFICATION] tenant=3 outlet=2 type=order_ready message=Order ready for Table 10
[INFO] 2026-03-19 08:24:44,446 pos.notifications [NOTIFICATION] tenant=3 outlet=2 type=order_ready message=Order ready for Table 10
[INFO] 2026-03-19 08:46:24,863 pos.notifications [NOTIFICATION] tenant=3 outlet=2 type=order_ready message=Order ready for Table 10
[INFO] 2026-03-19 08:46:28,126 pos.notifications [NOTIFICATION] tenant=3 outlet=2 type=order_ready message=Order ready for Table 10
[INFO] 2026-03-19 09:39:16,609 pos.notifications [NOTIFICATION] tenant=3 outlet=2 type=order_ready message=Order ready for Table 10
[INFO] 2026-03-19 09:40:10,857 pos.notifications [NOTIFICATION] tenant=3 outlet=2 type=order_ready message=Order ready for Table 2
[INFO] 2026-03-19 09:40:11,342 pos.notifications [NOTIFICATION] tenant=3 outlet=2 type=order_ready message=Order ready for Table 2
[INFO] 2026-03-20 11:10:59,117 pos.notifications [NOTIFICATION] tenant=3 outlet=2 type=order_ready message=Order ready for Table 10
[INFO] 2026-03-20 11:10:59,790 pos.notifications [NOTIFICATION] tenant=3 outlet=2 type=order_ready message=Order ready for Table 10
[INFO] 2026-03-20 11:43:33,904 pos.notifications [NOTIFICATION] tenant=3 outlet=2 type=order_ready message=Order ready for Table 10
[INFO] 2026-03-21 11:57:16,404 pos.notifications [NOTIFICATION] tenant=3 outlet=2 type=order_ready message=Order ready for Table 2
[INFO] 2026-03-21 11:57:16,922 pos.notifications [NOTIFICATION] tenant=3 outlet=2 type=order_ready message=Order ready for Table 2
[INFO] 2026-03-21 12:15:52,613 pos.notifications [NOTIFICATION] tenant=3 outlet=2 type=order_ready message=Order ready for Table 2
[INFO] 2026-03-22 00:05:30,267 pos.notifications [NOTIFICATION] tenant=3 outlet=2 type=order_ready message=Order ready for Takeaway
[INFO] 2026-03-22 00:05:37,295 pos.notifications [NOTIFICATION] tenant=3 outlet=2 type=order_ready message=Order ready for Takeaway
[INFO] 2026-03-22 00:06:14,195 pos.notifications [NOTIFICATION] tenant=3 outlet=2 type=order_ready message=Order ready for Table 10
[INFO] 2026-03-22 02:17:11,311 pos.notifications [NOTIFICATION] tenant=3 outlet=2 type=order_ready message=Order ready for Table 10
[INFO] 2026-03-22 02:17:12,962 pos.notifications [NOTIFICATION] tenant=3 outlet=2 type=order_ready message=Order ready for Table 10
[INFO] 2026-03-22 02:17:20,159 pos.notifications [NOTIFICATION] tenant=3 outlet=2 type=order_ready message=Order ready for Table 10
[INFO] 2026-03-22 03:29:19,327 pos.notifications [NOTIFICATION] tenant=3 outlet=2 type=order_ready message=Order ready for Table 10
[INFO] 2026-03-22 10:10:47,207 pos.notifications [NOTIFICATION] tenant=3 outlet=2 type=order_ready message=Order ready for Table 10
[INFO] 2026-03-22 10:10:55,630 pos.notifications [NOTIFICATION] tenant=3 outlet=2 type=order_ready message=Order ready for Table 10
[INFO] 2026-03-24 14:57:51,124 pos.notifications [NOTIFICATION] tenant=3 outlet=2 type=order_ready message=Order ready for Table 10
[INFO] 2026-03-24 14:57:54,153 pos.notifications [NOTIFICATION] tenant=3 outlet=2 type=order_ready message=Order ready for Table 10
[INFO] 2026-03-24 14:58:31,609 pos.notifications [NOTIFICATION] tenant=3 outlet=2 type=order_ready message=Order ready for Table 10
[INFO] 2026-03-24 14:58:35,284 pos.notifications [NOTIFICATION] tenant=3 outlet=2 type=order_ready message=Order ready for Table 10
[INFO] 2026-03-24 14:58:38,030 pos.notifications [NOTIFICATION] tenant=3 outlet=2 type=order_ready message=Order ready for Table 10
[INFO] 2026-03-24 14:58:38,586 pos.notifications [NOTIFICATION] tenant=3 outlet=2 type=order_ready message=Order ready for Table 10
[INFO] 2026-03-24 15:40:25,475 pos.notifications [NOTIFICATION] tenant=3 outlet=2 type=order_ready message=Order ready for Table 1
[INFO] 2026-03-24 15:40:26,129 pos.notifications [NOTIFICATION] tenant=3 outlet=2 type=order_ready message=Order ready for Table 1
[INFO] 2026-03-24 15:41:18,199 pos.notifications [NOTIFICATION] tenant=3 outlet=2 type=order_ready message=Order ready for Table 1
[INFO] 2026-03-24 16:03:01,241 pos.notifications [NOTIFICATION] tenant=3 outlet=2 type=order_ready message=Order ready for Table 10
[INFO] 2026-03-24 16:03:03,731 pos.notifications [NOTIFICATION] tenant=3 outlet=2 type=order_ready message=Order ready for Table 10
[INFO] 2026-03-24 16:17:48,957 pos.notifications [NOTIFICATION] tenant=3 outlet=2 type=order_ready message=Order ready for Table 10
[INFO] 2026-03-24 16:17:49,597 pos.notifications [NOTIFICATION] tenant=3 outlet=2 type=order_ready message=Order ready for Table 10
[INFO] 2026-03-24 16:24:33,789 pos.notifications [NOTIFICATION] tenant=3 outlet=2 type=order_ready message=Order ready for Table 2
[INFO] 2026-03-24 16:24:34,325 pos.notifications [NOTIFICATION] tenant=3 outlet=2 type=order_ready message=Order ready for Table 2
[INFO] 2026-03-24 16:24:37,348 pos.notifications [NOTIFICATION] tenant=3 outlet=2 type=order_ready message=Order ready for Table 2
[INFO] 2026-03-24 23:07:28,041 pos.notifications [NOTIFICATION] tenant=3 outlet=2 type=order_ready message=Order ready for Table 5
[INFO] 2026-03-24 23:20:24,687 pos.notifications [NOTIFICATION] tenant=3 outlet=2 type=order_ready message=Order ready for Table 6
[INFO] 2026-03-24 23:21:33,306 pos.notifications [NOTIFICATION] tenant=3 outlet=2 type=order_ready message=Order ready for Table 2
[INFO] 2026-03-24 23:42:22,452 pos.notifications [NOTIFICATION] tenant=3 outlet=2 type=order_ready message=Order ready for Table 6
[INFO] 2026-03-24 23:43:18,909 pos.notifications [NOTIFICATION] tenant=3 outlet=2 type=order_ready message=Order ready for Table 6
[INFO] 2026-03-25 00:01:46,515 pos.notifications [NOTIFICATION] tenant=3 outlet=2 type=order_ready message=Order ready for Table 10
[INFO] 2026-03-25 00:01:47,402 pos.notifications [NOTIFICATION] tenant=3 outlet=2 type=order_ready message=Order ready for Table 10
[INFO] 2026-03-25 10:11:20,508 pos.notifications [NOTIFICATION] tenant=3 outlet=2 type=order_ready message=Order ready for Table 10
[INFO] 2026-03-25 10:11:22,588 pos.notifications [NOTIFICATION] tenant=3 outlet=2 type=order_ready message=Order ready for Table 10
[INFO] 2026-03-25 10:11:28,836 pos.notifications [NOTIFICATION] tenant=3 outlet=2 type=order_ready message=Order ready for Table 10
[INFO] 2026-03-25 10:12:04,065 pos.notifications [NOTIFICATION] tenant=3 outlet=2 type=order_ready message=Order ready for Table 3
[INFO] 2026-03-25 10:13:16,967 pos.notifications [NOTIFICATION] tenant=3 outlet=2 type=order_ready message=Order ready for Table 4
[INFO] 2026-03-25 10:13:51,411 pos.notifications [NOTIFICATION] tenant=3 outlet=2 type=order_ready message=Order ready for Table 8
[INFO] 2026-03-25 10:13:53,317 pos.notifications [NOTIFICATION] tenant=3 outlet=2 type=order_ready message=Order ready for Table 9
[INFO] 2026-03-25 10:15:06,263 pos.notifications [NOTIFICATION] tenant=3 outlet=2 type=order_ready message=Order ready for Table 10
[INFO] 2026-03-25 10:42:09,620 pos.notifications [NOTIFICATION] tenant=3 outlet=2 type=order_ready message=Order ready for Table 2
[INFO] 2026-03-25 10:42:10,074 pos.notifications [NOTIFICATION] tenant=3 outlet=2 type=order_ready message=Order ready for Table 2
[INFO] 2026-03-25 10:48:54,176 pos.notifications [NOTIFICATION] tenant=3 outlet=2 type=order_ready message=Order ready for Table 2
[INFO] 2026-03-25 11:10:38,997 pos.notifications [NOTIFICATION] tenant=3 outlet=2 type=order_ready message=Order ready for Table 2
[INFO] 2026-03-25 11:10:40,986 pos.notifications [NOTIFICATION] tenant=3 outlet=2 type=order_ready message=Order ready for Table 2
[INFO] 2026-03-25 11:14:48,736 pos.notifications [NOTIFICATION] tenant=3 outlet=2 type=order_ready message=Order ready for Table 2
[INFO] 2026-03-25 11:14:50,541 pos.notifications [NOTIFICATION] tenant=3 outlet=2 type=order_ready message=Order ready for Table 2
[INFO] 2026-03-25 11:31:02,743 pos.notifications [NOTIFICATION] tenant=3 outlet=2 type=order_ready message=Order ready for Table 2
[INFO] 2026-03-25 11:31:06,286 pos.notifications [NOTIFICATION] tenant=3 outlet=2 type=order_ready message=Order ready for Table 2
[INFO] 2026-03-25 11:41:16,612 pos.notifications [NOTIFICATION] tenant=3 outlet=2 type=order_ready message=Order ready for Table 2
[INFO] 2026-03-25 11:41:18,385 pos.notifications [NOTIFICATION] tenant=3 outlet=2 type=order_ready message=Order ready for Table 2
[INFO] 2026-03-25 13:27:17,573 pos.notifications [NOTIFICATION] tenant=3 outlet=2 type=order_ready message=Order ready for Table 3
[INFO] 2026-03-25 13:27:20,834 pos.notifications [NOTIFICATION] tenant=3 outlet=2 type=order_ready message=Order ready for Table 3
[INFO] 2026-03-25 13:27:21,672 pos.notifications [NOTIFICATION] tenant=3 outlet=2 type=order_ready message=Order ready for Table 3
[INFO] 2026-03-25 13:27:22,490 pos.notifications [NOTIFICATION] tenant=3 outlet=2 type=order_ready message=Order ready for Table 3
[INFO] 2026-03-25 13:27:46,559 pos.notifications [NOTIFICATION] tenant=3 outlet=2 type=order_ready message=Order ready for Table 3
[INFO] 2026-03-26 06:04:06,812 pos.notifications [NOTIFICATION] tenant=4 outlet=4 type=order_ready message=Order ready for Table 1
